c:\users\admin\source\repos\sierpinski-triangle\sierpinski\release\vc143.pdb
c:\users\admin\source\repos\sierpinski-triangle\sierpinski\release\main.obj
c:\users\admin\source\repos\sierpinski-triangle\release\sierpinski.exe
c:\users\admin\source\repos\sierpinski-triangle\sierpinski\release\sierpinski.ipdb
c:\users\admin\source\repos\sierpinski-triangle\sierpinski\release\sierpinski.iobj
c:\users\admin\source\repos\sierpinski-triangle\release\sierpinski.pdb
c:\users\admin\source\repos\sierpinski-triangle\release\freeglut.dll
c:\users\admin\source\repos\sierpinski-triangle\release\freetype.dll
c:\users\admin\source\repos\sierpinski-triangle\release\zlib1.dll
c:\users\admin\source\repos\sierpinski-triangle\release\bz2.dll
c:\users\admin\source\repos\sierpinski-triangle\release\libpng16.dll
c:\users\admin\source\repos\sierpinski-triangle\release\brotlidec.dll
c:\users\admin\source\repos\sierpinski-triangle\release\brotlicommon.dll
c:\users\admin\source\repos\sierpinski-triangle\sierpinski\release\sierpinski.tlog\cl.command.1.tlog
c:\users\admin\source\repos\sierpinski-triangle\sierpinski\release\sierpinski.tlog\cl.read.1.tlog
c:\users\admin\source\repos\sierpinski-triangle\sierpinski\release\sierpinski.tlog\cl.write.1.tlog
c:\users\admin\source\repos\sierpinski-triangle\sierpinski\release\sierpinski.tlog\link.command.1.tlog
c:\users\admin\source\repos\sierpinski-triangle\sierpinski\release\sierpinski.tlog\link.read.1.tlog
c:\users\admin\source\repos\sierpinski-triangle\sierpinski\release\sierpinski.tlog\link.write.1.tlog
c:\users\admin\source\repos\sierpinski-triangle\sierpinski\release\sierpinski.tlog\sierpinski.write.1u.tlog
